mode: set
github.com/pingcap/tidb-binlog/cistern/gc.go:15.82,17.16 2 1
github.com/pingcap/tidb-binlog/cistern/gc.go:20.2,20.19 1 1
github.com/pingcap/tidb-binlog/cistern/gc.go:25.2,26.16 2 1
github.com/pingcap/tidb-binlog/cistern/gc.go:30.2,33.16 4 1
github.com/pingcap/tidb-binlog/cistern/gc.go:37.2,40.71 3 1
github.com/pingcap/tidb-binlog/cistern/gc.go:54.2,54.16 1 1
github.com/pingcap/tidb-binlog/cistern/gc.go:58.2,59.16 2 1
github.com/pingcap/tidb-binlog/cistern/gc.go:62.2,62.12 1 1
github.com/pingcap/tidb-binlog/cistern/gc.go:17.16,19.3 1 0
github.com/pingcap/tidb-binlog/cistern/gc.go:20.19,23.3 1 0
github.com/pingcap/tidb-binlog/cistern/gc.go:26.16,28.3 1 0
github.com/pingcap/tidb-binlog/cistern/gc.go:33.16,35.3 1 0
github.com/pingcap/tidb-binlog/cistern/gc.go:40.71,42.18 2 1
github.com/pingcap/tidb-binlog/cistern/gc.go:45.3,45.27 1 1
github.com/pingcap/tidb-binlog/cistern/gc.go:48.3,48.28 1 1
github.com/pingcap/tidb-binlog/cistern/gc.go:51.3,52.19 2 1
github.com/pingcap/tidb-binlog/cistern/gc.go:42.18,44.4 1 0
github.com/pingcap/tidb-binlog/cistern/gc.go:45.27,47.4 1 1
github.com/pingcap/tidb-binlog/cistern/gc.go:48.28,50.4 1 0
github.com/pingcap/tidb-binlog/cistern/gc.go:54.16,56.3 1 0
github.com/pingcap/tidb-binlog/cistern/gc.go:59.16,61.3 1 0
github.com/pingcap/tidb-binlog/cistern/metrics.go:71.13,79.2 7 1
github.com/pingcap/tidb-binlog/cistern/metrics.go:87.52,89.6 2 1
github.com/pingcap/tidb-binlog/cistern/metrics.go:89.6,90.10 1 1
github.com/pingcap/tidb-binlog/cistern/metrics.go:91.3,92.10 1 1
github.com/pingcap/tidb-binlog/cistern/metrics.go:93.3,100.18 2 1
github.com/pingcap/tidb-binlog/cistern/metrics.go:100.18,102.5 1 1
github.com/pingcap/tidb-binlog/cistern/publisher.go:27.76,34.2 1 1
github.com/pingcap/tidb-binlog/cistern/publisher.go:37.48,39.6 2 1
github.com/pingcap/tidb-binlog/cistern/publisher.go:39.6,40.10 1 1
github.com/pingcap/tidb-binlog/cistern/publisher.go:41.3,42.10 1 1
github.com/pingcap/tidb-binlog/cistern/publisher.go:43.3,46.38 3 1
github.com/pingcap/tidb-binlog/cistern/publisher.go:49.4,51.11 3 1
github.com/pingcap/tidb-binlog/cistern/publisher.go:46.38,48.5 1 0
github.com/pingcap/tidb-binlog/cistern/publisher.go:56.37,63.46 3 1
github.com/pingcap/tidb-binlog/cistern/publisher.go:79.2,79.16 1 1
github.com/pingcap/tidb-binlog/cistern/publisher.go:83.2,83.17 1 1
github.com/pingcap/tidb-binlog/cistern/publisher.go:90.2,90.12 1 1
github.com/pingcap/tidb-binlog/cistern/publisher.go:63.46,65.18 2 1
github.com/pingcap/tidb-binlog/cistern/publisher.go:68.4,69.18 2 1
github.com/pingcap/tidb-binlog/cistern/publisher.go:72.4,72.22 1 1
github.com/pingcap/tidb-binlog/cistern/publisher.go:75.4,76.20 2 1
github.com/pingcap/tidb-binlog/cistern/publisher.go:65.18,67.5 1 0
github.com/pingcap/tidb-binlog/cistern/publisher.go:69.18,71.5 1 0
github.com/pingcap/tidb-binlog/cistern/publisher.go:72.22,74.5 1 0
github.com/pingcap/tidb-binlog/cistern/publisher.go:79.16,81.3 1 0
github.com/pingcap/tidb-binlog/cistern/publisher.go:83.17,84.52 1 1
github.com/pingcap/tidb-binlog/cistern/publisher.go:88.3,88.57 1 1
github.com/pingcap/tidb-binlog/cistern/publisher.go:84.52,86.4 1 0
github.com/pingcap/tidb-binlog/cistern/pump.go:38.151,40.16 2 1
github.com/pingcap/tidb-binlog/cistern/pump.go:43.2,53.8 1 1
github.com/pingcap/tidb-binlog/cistern/pump.go:40.16,42.3 1 0
github.com/pingcap/tidb-binlog/cistern/pump.go:57.24,59.2 1 1
github.com/pingcap/tidb-binlog/cistern/pump.go:66.85,83.16 6 1
github.com/pingcap/tidb-binlog/cistern/pump.go:87.2,87.23 1 1
github.com/pingcap/tidb-binlog/cistern/pump.go:91.2,91.29 1 1
github.com/pingcap/tidb-binlog/cistern/pump.go:95.2,100.37 5 1
github.com/pingcap/tidb-binlog/cistern/pump.go:122.2,122.43 1 1
github.com/pingcap/tidb-binlog/cistern/pump.go:134.2,134.28 1 1
github.com/pingcap/tidb-binlog/cistern/pump.go:146.2,146.8 1 1
github.com/pingcap/tidb-binlog/cistern/pump.go:83.16,86.3 2 1
github.com/pingcap/tidb-binlog/cistern/pump.go:87.23,90.3 2 0
github.com/pingcap/tidb-binlog/cistern/pump.go:91.29,93.3 1 0
github.com/pingcap/tidb-binlog/cistern/pump.go:100.37,103.17 3 1
github.com/pingcap/tidb-binlog/cistern/pump.go:108.3,108.15 1 1
github.com/pingcap/tidb-binlog/cistern/pump.go:103.17,107.4 2 0
github.com/pingcap/tidb-binlog/cistern/pump.go:109.3,110.32 1 1
github.com/pingcap/tidb-binlog/cistern/pump.go:111.3,112.30 1 1
github.com/pingcap/tidb-binlog/cistern/pump.go:113.3,114.32 1 1
github.com/pingcap/tidb-binlog/cistern/pump.go:115.3,117.41 1 1
github.com/pingcap/tidb-binlog/cistern/pump.go:122.43,123.41 1 1
github.com/pingcap/tidb-binlog/cistern/pump.go:123.41,128.4 4 1
github.com/pingcap/tidb-binlog/cistern/pump.go:128.4,128.49 1 1
github.com/pingcap/tidb-binlog/cistern/pump.go:128.49,130.4 1 1
github.com/pingcap/tidb-binlog/cistern/pump.go:134.28,138.17 3 1
github.com/pingcap/tidb-binlog/cistern/pump.go:138.17,141.4 2 0
github.com/pingcap/tidb-binlog/cistern/pump.go:142.3,144.3 1 0
github.com/pingcap/tidb-binlog/cistern/pump.go:149.169,150.17 1 1
github.com/pingcap/tidb-binlog/cistern/pump.go:177.2,177.9 1 1
github.com/pingcap/tidb-binlog/cistern/pump.go:234.2,234.19 1 1
github.com/pingcap/tidb-binlog/cistern/pump.go:150.17,151.44 1 0
github.com/pingcap/tidb-binlog/cistern/pump.go:171.3,171.29 1 0
github.com/pingcap/tidb-binlog/cistern/pump.go:174.3,174.20 1 0
github.com/pingcap/tidb-binlog/cistern/pump.go:151.44,152.30 1 0
github.com/pingcap/tidb-binlog/cistern/pump.go:156.4,160.18 4 0
github.com/pingcap/tidb-binlog/cistern/pump.go:163.4,163.28 1 0
github.com/pingcap/tidb-binlog/cistern/pump.go:168.4,168.34 1 0
github.com/pingcap/tidb-binlog/cistern/pump.go:152.30,153.13 1 0
github.com/pingcap/tidb-binlog/cistern/pump.go:160.18,162.5 1 0
github.com/pingcap/tidb-binlog/cistern/pump.go:163.28,167.5 3 0
github.com/pingcap/tidb-binlog/cistern/pump.go:171.29,173.4 1 0
github.com/pingcap/tidb-binlog/cistern/pump.go:178.2,179.41 1 0
github.com/pingcap/tidb-binlog/cistern/pump.go:180.2,189.17 5 1
github.com/pingcap/tidb-binlog/cistern/pump.go:192.3,192.24 1 1
github.com/pingcap/tidb-binlog/cistern/pump.go:195.3,195.30 1 1
github.com/pingcap/tidb-binlog/cistern/pump.go:199.3,202.38 4 1
github.com/pingcap/tidb-binlog/cistern/pump.go:218.3,218.44 1 1
github.com/pingcap/tidb-binlog/cistern/pump.go:229.3,229.29 1 1
github.com/pingcap/tidb-binlog/cistern/pump.go:189.17,191.4 1 0
github.com/pingcap/tidb-binlog/cistern/pump.go:192.24,194.4 1 0
github.com/pingcap/tidb-binlog/cistern/pump.go:195.30,197.4 1 0
github.com/pingcap/tidb-binlog/cistern/pump.go:202.38,205.18 3 1
github.com/pingcap/tidb-binlog/cistern/pump.go:209.4,209.16 1 1
github.com/pingcap/tidb-binlog/cistern/pump.go:205.18,208.5 1 0
github.com/pingcap/tidb-binlog/cistern/pump.go:210.4,211.31 1 1
github.com/pingcap/tidb-binlog/cistern/pump.go:212.4,213.33 1 1
github.com/pingcap/tidb-binlog/cistern/pump.go:218.44,219.42 1 1
github.com/pingcap/tidb-binlog/cistern/pump.go:219.42,224.5 4 1
github.com/pingcap/tidb-binlog/cistern/pump.go:224.5,224.50 1 1
github.com/pingcap/tidb-binlog/cistern/pump.go:224.50,226.5 1 1
github.com/pingcap/tidb-binlog/cistern/pump.go:229.29,231.4 1 0
github.com/pingcap/tidb-binlog/cistern/server.go:48.13,52.2 1 1
github.com/pingcap/tidb-binlog/cistern/server.go:55.46,59.16 2 0
github.com/pingcap/tidb-binlog/cistern/server.go:62.2,63.16 2 0
github.com/pingcap/tidb-binlog/cistern/server.go:66.2,76.16 9 0
github.com/pingcap/tidb-binlog/cistern/server.go:80.2,86.16 2 0
github.com/pingcap/tidb-binlog/cistern/server.go:90.2,91.16 2 0
github.com/pingcap/tidb-binlog/cistern/server.go:95.2,96.16 2 0
github.com/pingcap/tidb-binlog/cistern/server.go:100.2,100.47 1 0
github.com/pingcap/tidb-binlog/cistern/server.go:104.2,109.55 4 0
github.com/pingcap/tidb-binlog/cistern/server.go:116.2,117.16 2 0
github.com/pingcap/tidb-binlog/cistern/server.go:121.2,132.8 1 0
github.com/pingcap/tidb-binlog/cistern/server.go:59.16,61.3 1 0
github.com/pingcap/tidb-binlog/cistern/server.go:63.16,65.3 1 0
github.com/pingcap/tidb-binlog/cistern/server.go:76.16,78.3 1 0
github.com/pingcap/tidb-binlog/cistern/server.go:86.16,88.3 1 0
github.com/pingcap/tidb-binlog/cistern/server.go:91.16,93.3 1 0
github.com/pingcap/tidb-binlog/cistern/server.go:96.16,98.3 1 0
github.com/pingcap/tidb-binlog/cistern/server.go:100.47,102.3 1 0
github.com/pingcap/tidb-binlog/cistern/server.go:109.55,114.3 1 0
github.com/pingcap/tidb-binlog/cistern/server.go:117.16,119.3 1 0
github.com/pingcap/tidb-binlog/cistern/server.go:136.108,140.6 3 1
github.com/pingcap/tidb-binlog/cistern/server.go:140.6,142.20 2 1
github.com/pingcap/tidb-binlog/cistern/server.go:147.3,151.47 2 1
github.com/pingcap/tidb-binlog/cistern/server.go:174.3,174.17 1 1
github.com/pingcap/tidb-binlog/cistern/server.go:180.3,180.30 1 1
github.com/pingcap/tidb-binlog/cistern/server.go:142.20,144.12 2 0
github.com/pingcap/tidb-binlog/cistern/server.go:151.47,153.20 2 1
github.com/pingcap/tidb-binlog/cistern/server.go:156.5,156.41 1 1
github.com/pingcap/tidb-binlog/cistern/server.go:159.5,159.22 1 1
github.com/pingcap/tidb-binlog/cistern/server.go:162.5,163.20 2 1
github.com/pingcap/tidb-binlog/cistern/server.go:166.5,171.21 3 1
github.com/pingcap/tidb-binlog/cistern/server.go:153.20,155.6 1 0
github.com/pingcap/tidb-binlog/cistern/server.go:156.41,158.6 1 0
github.com/pingcap/tidb-binlog/cistern/server.go:159.22,161.6 1 0
github.com/pingcap/tidb-binlog/cistern/server.go:163.20,165.6 1 0
github.com/pingcap/tidb-binlog/cistern/server.go:174.17,178.4 3 0
github.com/pingcap/tidb-binlog/cistern/server.go:180.30,182.54 2 1
github.com/pingcap/tidb-binlog/cistern/server.go:187.4,187.25 1 1
github.com/pingcap/tidb-binlog/cistern/server.go:197.4,197.43 1 1
github.com/pingcap/tidb-binlog/cistern/server.go:202.4,202.26 1 1
github.com/pingcap/tidb-binlog/cistern/server.go:182.54,186.5 3 0
github.com/pingcap/tidb-binlog/cistern/server.go:187.25,190.20 3 1
github.com/pingcap/tidb-binlog/cistern/server.go:195.5,195.23 1 1
github.com/pingcap/tidb-binlog/cistern/server.go:190.20,194.6 2 0
github.com/pingcap/tidb-binlog/cistern/server.go:197.43,201.5 3 1
github.com/pingcap/tidb-binlog/cistern/server.go:208.130,214.2 2 1
github.com/pingcap/tidb-binlog/cistern/server.go:217.121,219.15 2 1
github.com/pingcap/tidb-binlog/cistern/server.go:229.2,240.46 4 1
github.com/pingcap/tidb-binlog/cistern/server.go:263.2,263.16 1 1
github.com/pingcap/tidb-binlog/cistern/server.go:269.2,269.22 1 1
github.com/pingcap/tidb-binlog/cistern/server.go:277.2,277.16 1 1
github.com/pingcap/tidb-binlog/cistern/server.go:281.2,282.8 2 0
github.com/pingcap/tidb-binlog/cistern/server.go:219.15,221.17 2 1
github.com/pingcap/tidb-binlog/cistern/server.go:226.3,227.58 2 1
github.com/pingcap/tidb-binlog/cistern/server.go:221.17,223.4 1 0
github.com/pingcap/tidb-binlog/cistern/server.go:223.4,225.4 1 1
github.com/pingcap/tidb-binlog/cistern/server.go:240.46,242.19 2 1
github.com/pingcap/tidb-binlog/cistern/server.go:245.4,245.35 1 1
github.com/pingcap/tidb-binlog/cistern/server.go:248.4,249.19 2 1
github.com/pingcap/tidb-binlog/cistern/server.go:252.4,253.52 2 1
github.com/pingcap/tidb-binlog/cistern/server.go:256.4,256.25 1 1
github.com/pingcap/tidb-binlog/cistern/server.go:259.4,260.20 2 1
github.com/pingcap/tidb-binlog/cistern/server.go:242.19,244.5 1 0
github.com/pingcap/tidb-binlog/cistern/server.go:245.35,247.5 1 1
github.com/pingcap/tidb-binlog/cistern/server.go:249.19,251.5 1 0
github.com/pingcap/tidb-binlog/cistern/server.go:253.52,255.5 1 0
github.com/pingcap/tidb-binlog/cistern/server.go:256.25,258.5 1 1
github.com/pingcap/tidb-binlog/cistern/server.go:263.16,267.3 3 0
github.com/pingcap/tidb-binlog/cistern/server.go:269.22,275.3 2 1
github.com/pingcap/tidb-binlog/cistern/server.go:277.16,279.3 1 1
github.com/pingcap/tidb-binlog/cistern/server.go:285.107,290.46 2 1
github.com/pingcap/tidb-binlog/cistern/server.go:305.2,305.16 1 1
github.com/pingcap/tidb-binlog/cistern/server.go:310.2,313.18 2 1
github.com/pingcap/tidb-binlog/cistern/server.go:290.46,292.18 2 1
github.com/pingcap/tidb-binlog/cistern/server.go:296.4,296.34 1 1
github.com/pingcap/tidb-binlog/cistern/server.go:301.4,302.20 2 1
github.com/pingcap/tidb-binlog/cistern/server.go:292.18,294.5 1 0
github.com/pingcap/tidb-binlog/cistern/server.go:296.34,298.5 1 1
github.com/pingcap/tidb-binlog/cistern/server.go:298.5,298.30 1 1
github.com/pingcap/tidb-binlog/cistern/server.go:298.30,300.5 1 0
github.com/pingcap/tidb-binlog/cistern/server.go:305.16,308.3 2 0
github.com/pingcap/tidb-binlog/cistern/server.go:316.86,318.16 2 1
github.com/pingcap/tidb-binlog/cistern/server.go:322.2,323.17 2 1
github.com/pingcap/tidb-binlog/cistern/server.go:327.2,329.16 3 1
github.com/pingcap/tidb-binlog/cistern/server.go:333.2,333.41 1 1
github.com/pingcap/tidb-binlog/cistern/server.go:337.2,339.16 3 1
github.com/pingcap/tidb-binlog/cistern/server.go:343.2,349.46 3 1
github.com/pingcap/tidb-binlog/cistern/server.go:365.2,365.16 1 1
github.com/pingcap/tidb-binlog/cistern/server.go:370.2,373.18 2 1
github.com/pingcap/tidb-binlog/cistern/server.go:318.16,321.3 2 0
github.com/pingcap/tidb-binlog/cistern/server.go:323.17,326.3 2 0
github.com/pingcap/tidb-binlog/cistern/server.go:329.16,332.3 2 0
github.com/pingcap/tidb-binlog/cistern/server.go:333.41,336.3 2 0
github.com/pingcap/tidb-binlog/cistern/server.go:339.16,342.3 2 0
github.com/pingcap/tidb-binlog/cistern/server.go:349.46,351.44 2 1
github.com/pingcap/tidb-binlog/cistern/server.go:354.4,355.49 2 1
github.com/pingcap/tidb-binlog/cistern/server.go:358.4,358.28 1 1
github.com/pingcap/tidb-binlog/cistern/server.go:361.4,362.20 2 1
github.com/pingcap/tidb-binlog/cistern/server.go:351.44,353.5 1 0
github.com/pingcap/tidb-binlog/cistern/server.go:355.49,357.5 1 0
github.com/pingcap/tidb-binlog/cistern/server.go:358.28,360.5 1 1
github.com/pingcap/tidb-binlog/cistern/server.go:365.16,368.3 2 0
github.com/pingcap/tidb-binlog/cistern/server.go:376.58,380.18 4 1
github.com/pingcap/tidb-binlog/cistern/server.go:383.2,383.24 1 1
github.com/pingcap/tidb-binlog/cistern/server.go:380.18,382.3 1 0
github.com/pingcap/tidb-binlog/cistern/server.go:387.33,389.12 2 1
github.com/pingcap/tidb-binlog/cistern/server.go:389.12,392.3 2 1
github.com/pingcap/tidb-binlog/cistern/server.go:396.33,398.12 2 1
github.com/pingcap/tidb-binlog/cistern/server.go:398.12,401.3 2 1
github.com/pingcap/tidb-binlog/cistern/server.go:405.33,406.22 1 1
github.com/pingcap/tidb-binlog/cistern/server.go:409.2,410.12 2 1
github.com/pingcap/tidb-binlog/cistern/server.go:406.22,408.3 1 0
github.com/pingcap/tidb-binlog/cistern/server.go:410.12,413.3 2 1
github.com/pingcap/tidb-binlog/cistern/server.go:417.28,418.15 1 1
github.com/pingcap/tidb-binlog/cistern/server.go:421.2,422.12 2 1
github.com/pingcap/tidb-binlog/cistern/server.go:418.15,420.3 1 0
github.com/pingcap/tidb-binlog/cistern/server.go:422.12,426.7 4 1
github.com/pingcap/tidb-binlog/cistern/server.go:426.7,427.11 1 1
github.com/pingcap/tidb-binlog/cistern/server.go:428.4,429.11 1 1
github.com/pingcap/tidb-binlog/cistern/server.go:430.4,432.19 2 0
github.com/pingcap/tidb-binlog/cistern/server.go:432.19,434.6 1 0
github.com/pingcap/tidb-binlog/cistern/server.go:441.32,456.16 6 1
github.com/pingcap/tidb-binlog/cistern/server.go:459.2,460.16 2 1
github.com/pingcap/tidb-binlog/cistern/server.go:463.2,474.18 8 1
github.com/pingcap/tidb-binlog/cistern/server.go:456.16,458.3 1 0
github.com/pingcap/tidb-binlog/cistern/server.go:460.16,462.3 1 0
github.com/pingcap/tidb-binlog/cistern/server.go:478.26,486.2 4 1
github.com/pingcap/tidb-binlog/cistern/collector.go:51.103,53.16 2 0
github.com/pingcap/tidb-binlog/cistern/collector.go:56.2,57.16 2 0
github.com/pingcap/tidb-binlog/cistern/collector.go:60.2,63.16 4 0
github.com/pingcap/tidb-binlog/cistern/collector.go:66.2,67.16 2 0
github.com/pingcap/tidb-binlog/cistern/collector.go:70.2,81.8 1 0
github.com/pingcap/tidb-binlog/cistern/collector.go:53.16,55.3 1 0
github.com/pingcap/tidb-binlog/cistern/collector.go:57.16,59.3 1 0
github.com/pingcap/tidb-binlog/cistern/collector.go:63.16,65.3 1 0
github.com/pingcap/tidb-binlog/cistern/collector.go:67.16,69.3 1 0
github.com/pingcap/tidb-binlog/cistern/collector.go:85.48,86.15 1 1
github.com/pingcap/tidb-binlog/cistern/collector.go:99.2,100.6 2 1
github.com/pingcap/tidb-binlog/cistern/collector.go:86.15,87.29 1 1
github.com/pingcap/tidb-binlog/cistern/collector.go:90.3,90.39 1 1
github.com/pingcap/tidb-binlog/cistern/collector.go:93.3,93.43 1 1
github.com/pingcap/tidb-binlog/cistern/collector.go:96.3,96.41 1 1
github.com/pingcap/tidb-binlog/cistern/collector.go:87.29,89.4 1 1
github.com/pingcap/tidb-binlog/cistern/collector.go:90.39,92.4 1 0
github.com/pingcap/tidb-binlog/cistern/collector.go:93.43,95.4 1 0
github.com/pingcap/tidb-binlog/cistern/collector.go:100.6,101.10 1 1
github.com/pingcap/tidb-binlog/cistern/collector.go:102.3,103.10 1 1
github.com/pingcap/tidb-binlog/cistern/collector.go:104.3,107.18 3 1
github.com/pingcap/tidb-binlog/cistern/collector.go:111.4,114.11 4 1
github.com/pingcap/tidb-binlog/cistern/collector.go:107.18,110.5 2 1
github.com/pingcap/tidb-binlog/cistern/collector.go:120.47,126.36 2 1
github.com/pingcap/tidb-binlog/cistern/collector.go:129.2,134.15 5 1
github.com/pingcap/tidb-binlog/cistern/collector.go:126.36,128.3 1 1
github.com/pingcap/tidb-binlog/cistern/collector.go:139.75,140.41 1 1
github.com/pingcap/tidb-binlog/cistern/collector.go:146.2,148.28 3 1
github.com/pingcap/tidb-binlog/cistern/collector.go:158.2,158.12 1 1
github.com/pingcap/tidb-binlog/cistern/collector.go:163.2,165.22 3 1
github.com/pingcap/tidb-binlog/cistern/collector.go:180.2,181.17 2 0
github.com/pingcap/tidb-binlog/cistern/collector.go:185.2,185.47 1 0
github.com/pingcap/tidb-binlog/cistern/collector.go:189.2,189.41 1 0
github.com/pingcap/tidb-binlog/cistern/collector.go:194.2,194.57 1 0
github.com/pingcap/tidb-binlog/cistern/collector.go:199.2,200.21 2 0
github.com/pingcap/tidb-binlog/cistern/collector.go:205.2,208.38 4 0
github.com/pingcap/tidb-binlog/cistern/collector.go:211.2,211.8 1 0
github.com/pingcap/tidb-binlog/cistern/collector.go:140.41,143.3 2 0
github.com/pingcap/tidb-binlog/cistern/collector.go:148.28,150.20 2 1
github.com/pingcap/tidb-binlog/cistern/collector.go:150.20,151.11 1 1
github.com/pingcap/tidb-binlog/cistern/collector.go:155.4,155.13 1 1
github.com/pingcap/tidb-binlog/cistern/collector.go:152.4,152.44 0 1
github.com/pingcap/tidb-binlog/cistern/collector.go:153.4,153.22 0 0
github.com/pingcap/tidb-binlog/cistern/collector.go:158.12,161.3 2 1
github.com/pingcap/tidb-binlog/cistern/collector.go:165.22,166.19 1 1
github.com/pingcap/tidb-binlog/cistern/collector.go:171.3,171.41 1 0
github.com/pingcap/tidb-binlog/cistern/collector.go:175.3,175.37 1 0
github.com/pingcap/tidb-binlog/cistern/collector.go:166.19,170.4 2 1
github.com/pingcap/tidb-binlog/cistern/collector.go:171.41,173.4 1 0
github.com/pingcap/tidb-binlog/cistern/collector.go:175.37,177.4 1 0
github.com/pingcap/tidb-binlog/cistern/collector.go:181.17,184.3 2 0
github.com/pingcap/tidb-binlog/cistern/collector.go:185.47,188.3 2 0
github.com/pingcap/tidb-binlog/cistern/collector.go:189.41,192.3 2 0
github.com/pingcap/tidb-binlog/cistern/collector.go:194.57,197.3 2 0
github.com/pingcap/tidb-binlog/cistern/collector.go:200.21,202.3 1 0
github.com/pingcap/tidb-binlog/cistern/collector.go:208.38,210.3 1 0
github.com/pingcap/tidb-binlog/cistern/collector.go:214.56,216.16 2 1
github.com/pingcap/tidb-binlog/cistern/collector.go:219.2,220.26 2 1
github.com/pingcap/tidb-binlog/cistern/collector.go:241.2,241.29 1 1
github.com/pingcap/tidb-binlog/cistern/collector.go:251.2,251.12 1 1
github.com/pingcap/tidb-binlog/cistern/collector.go:216.16,218.3 1 0
github.com/pingcap/tidb-binlog/cistern/collector.go:220.26,222.17 1 1
github.com/pingcap/tidb-binlog/cistern/collector.go:225.3,226.10 2 1
github.com/pingcap/tidb-binlog/cistern/collector.go:239.3,239.26 1 1
github.com/pingcap/tidb-binlog/cistern/collector.go:222.17,224.4 1 0
github.com/pingcap/tidb-binlog/cistern/collector.go:226.10,228.18 2 1
github.com/pingcap/tidb-binlog/cistern/collector.go:232.4,234.18 3 1
github.com/pingcap/tidb-binlog/cistern/collector.go:237.4,237.25 1 1
github.com/pingcap/tidb-binlog/cistern/collector.go:228.18,230.5 1 0
github.com/pingcap/tidb-binlog/cistern/collector.go:234.18,236.5 1 0
github.com/pingcap/tidb-binlog/cistern/collector.go:241.29,242.18 1 1
github.com/pingcap/tidb-binlog/cistern/collector.go:242.18,248.4 3 0
github.com/pingcap/tidb-binlog/cistern/collector.go:254.65,258.36 3 1
github.com/pingcap/tidb-binlog/cistern/collector.go:275.2,276.26 2 1
github.com/pingcap/tidb-binlog/cistern/collector.go:258.36,259.26 1 1
github.com/pingcap/tidb-binlog/cistern/collector.go:263.3,264.17 2 1
github.com/pingcap/tidb-binlog/cistern/collector.go:267.3,269.17 3 1
github.com/pingcap/tidb-binlog/cistern/collector.go:272.3,272.19 1 1
github.com/pingcap/tidb-binlog/cistern/collector.go:259.26,262.4 1 1
github.com/pingcap/tidb-binlog/cistern/collector.go:264.17,266.4 1 0
github.com/pingcap/tidb-binlog/cistern/collector.go:269.17,271.4 1 0
github.com/pingcap/tidb-binlog/cistern/collector.go:279.78,280.34 1 1
github.com/pingcap/tidb-binlog/cistern/collector.go:293.2,293.12 1 1
github.com/pingcap/tidb-binlog/cistern/collector.go:280.34,282.17 2 1
github.com/pingcap/tidb-binlog/cistern/collector.go:285.3,286.17 2 1
github.com/pingcap/tidb-binlog/cistern/collector.go:289.3,289.31 1 1
github.com/pingcap/tidb-binlog/cistern/collector.go:282.17,284.4 1 0
github.com/pingcap/tidb-binlog/cistern/collector.go:286.17,288.4 1 0
github.com/pingcap/tidb-binlog/cistern/collector.go:289.31,291.4 1 1
github.com/pingcap/tidb-binlog/cistern/collector.go:296.74,298.24 2 1
github.com/pingcap/tidb-binlog/cistern/collector.go:303.2,303.25 1 1
github.com/pingcap/tidb-binlog/cistern/collector.go:298.24,299.15 1 1
github.com/pingcap/tidb-binlog/cistern/collector.go:299.15,301.4 1 1
github.com/pingcap/tidb-binlog/cistern/collector.go:306.70,309.16 3 1
github.com/pingcap/tidb-binlog/cistern/collector.go:316.2,316.53 1 1
github.com/pingcap/tidb-binlog/cistern/collector.go:319.2,319.23 1 1
github.com/pingcap/tidb-binlog/cistern/collector.go:309.16,310.29 1 1
github.com/pingcap/tidb-binlog/cistern/collector.go:314.3,314.38 1 0
github.com/pingcap/tidb-binlog/cistern/collector.go:310.29,312.4 1 1
github.com/pingcap/tidb-binlog/cistern/collector.go:316.53,318.3 1 0
github.com/pingcap/tidb-binlog/cistern/collector.go:322.116,324.30 2 1
github.com/pingcap/tidb-binlog/cistern/collector.go:348.2,348.17 1 1
github.com/pingcap/tidb-binlog/cistern/collector.go:324.30,325.24 1 1
github.com/pingcap/tidb-binlog/cistern/collector.go:325.24,327.18 2 1
github.com/pingcap/tidb-binlog/cistern/collector.go:330.4,330.19 1 1
github.com/pingcap/tidb-binlog/cistern/collector.go:341.4,341.39 1 1
github.com/pingcap/tidb-binlog/cistern/collector.go:327.18,329.5 1 0
github.com/pingcap/tidb-binlog/cistern/collector.go:330.19,331.12 1 1
github.com/pingcap/tidb-binlog/cistern/collector.go:332.5,333.41 1 0
github.com/pingcap/tidb-binlog/cistern/collector.go:334.5,336.20 2 1
github.com/pingcap/tidb-binlog/cistern/collector.go:336.20,338.7 1 0
github.com/pingcap/tidb-binlog/cistern/collector.go:341.39,343.5 1 1
github.com/pingcap/tidb-binlog/cistern/collector.go:343.5,345.5 1 1
github.com/pingcap/tidb-binlog/cistern/collector.go:351.61,353.16 2 1
github.com/pingcap/tidb-binlog/cistern/collector.go:356.2,357.16 2 1
github.com/pingcap/tidb-binlog/cistern/collector.go:360.2,362.16 3 1
github.com/pingcap/tidb-binlog/cistern/collector.go:365.2,365.17 1 1
github.com/pingcap/tidb-binlog/cistern/collector.go:353.16,355.3 1 0
github.com/pingcap/tidb-binlog/cistern/collector.go:357.16,359.3 1 0
github.com/pingcap/tidb-binlog/cistern/collector.go:362.16,364.3 1 0
github.com/pingcap/tidb-binlog/cistern/collector.go:368.67,370.28 2 1
github.com/pingcap/tidb-binlog/cistern/collector.go:384.2,385.26 2 1
github.com/pingcap/tidb-binlog/cistern/collector.go:370.28,371.38 1 1
github.com/pingcap/tidb-binlog/cistern/collector.go:374.3,374.40 1 1
github.com/pingcap/tidb-binlog/cistern/collector.go:377.3,378.17 2 1
github.com/pingcap/tidb-binlog/cistern/collector.go:381.3,382.22 2 1
github.com/pingcap/tidb-binlog/cistern/collector.go:371.38,372.12 1 0
github.com/pingcap/tidb-binlog/cistern/collector.go:374.40,376.4 1 0
github.com/pingcap/tidb-binlog/cistern/collector.go:378.17,380.4 1 0
github.com/pingcap/tidb-binlog/cistern/collector.go:389.48,391.16 2 1
github.com/pingcap/tidb-binlog/cistern/collector.go:394.2,395.16 2 1
github.com/pingcap/tidb-binlog/cistern/collector.go:398.2,400.16 3 1
github.com/pingcap/tidb-binlog/cistern/collector.go:403.2,403.27 1 1
github.com/pingcap/tidb-binlog/cistern/collector.go:425.2,425.12 1 1
github.com/pingcap/tidb-binlog/cistern/collector.go:391.16,393.3 1 0
github.com/pingcap/tidb-binlog/cistern/collector.go:395.16,397.3 1 0
github.com/pingcap/tidb-binlog/cistern/collector.go:400.16,402.3 1 0
github.com/pingcap/tidb-binlog/cistern/collector.go:403.27,404.38 1 1
github.com/pingcap/tidb-binlog/cistern/collector.go:407.3,409.17 3 1
github.com/pingcap/tidb-binlog/cistern/collector.go:404.38,405.12 1 1
github.com/pingcap/tidb-binlog/cistern/collector.go:409.17,410.31 1 1
github.com/pingcap/tidb-binlog/cistern/collector.go:413.4,413.41 1 1
github.com/pingcap/tidb-binlog/cistern/collector.go:416.4,417.18 2 1
github.com/pingcap/tidb-binlog/cistern/collector.go:420.4,420.70 1 1
github.com/pingcap/tidb-binlog/cistern/collector.go:410.31,412.5 1 0
github.com/pingcap/tidb-binlog/cistern/collector.go:413.41,415.5 1 0
github.com/pingcap/tidb-binlog/cistern/collector.go:417.18,419.5 1 0
github.com/pingcap/tidb-binlog/cistern/collector.go:420.70,422.5 1 0
github.com/pingcap/tidb-binlog/cistern/collector.go:429.68,431.2 1 0
github.com/pingcap/tidb-binlog/cistern/collector.go:434.46,440.2 5 1
github.com/pingcap/tidb-binlog/cistern/config.go:51.26,58.20 4 1
github.com/pingcap/tidb-binlog/cistern/config.go:62.2,76.12 15 1
github.com/pingcap/tidb-binlog/cistern/config.go:58.20,61.3 2 0
github.com/pingcap/tidb-binlog/cistern/config.go:80.47,83.14 2 1
github.com/pingcap/tidb-binlog/cistern/config.go:90.2,90.22 1 1
github.com/pingcap/tidb-binlog/cistern/config.go:99.2,99.26 1 1
github.com/pingcap/tidb-binlog/cistern/config.go:105.2,106.33 2 1
github.com/pingcap/tidb-binlog/cistern/config.go:110.2,110.76 1 1
github.com/pingcap/tidb-binlog/cistern/config.go:114.2,120.23 7 1
github.com/pingcap/tidb-binlog/cistern/config.go:84.2,84.11 0 1
github.com/pingcap/tidb-binlog/cistern/config.go:85.2,86.13 1 0
github.com/pingcap/tidb-binlog/cistern/config.go:87.2,88.13 1 0
github.com/pingcap/tidb-binlog/cistern/config.go:90.22,97.3 6 0
github.com/pingcap/tidb-binlog/cistern/config.go:99.26,100.60 1 1
github.com/pingcap/tidb-binlog/cistern/config.go:100.60,102.4 1 0
github.com/pingcap/tidb-binlog/cistern/config.go:106.33,108.3 1 0
github.com/pingcap/tidb-binlog/cistern/config.go:110.76,112.3 1 0
github.com/pingcap/tidb-binlog/cistern/config.go:123.54,126.2 2 1
github.com/pingcap/tidb-binlog/cistern/config.go:128.47,129.18 1 1
github.com/pingcap/tidb-binlog/cistern/config.go:129.18,131.3 1 1
github.com/pingcap/tidb-binlog/cistern/config.go:134.38,135.13 1 1
github.com/pingcap/tidb-binlog/cistern/config.go:135.13,137.3 1 1
github.com/pingcap/tidb-binlog/cistern/config.go:141.37,144.16 2 1
github.com/pingcap/tidb-binlog/cistern/config.go:147.2,147.60 1 1
github.com/pingcap/tidb-binlog/cistern/config.go:151.2,152.16 2 1
github.com/pingcap/tidb-binlog/cistern/config.go:155.2,155.36 1 1
github.com/pingcap/tidb-binlog/cistern/config.go:160.2,160.12 1 1
github.com/pingcap/tidb-binlog/cistern/config.go:144.16,146.3 1 0
github.com/pingcap/tidb-binlog/cistern/config.go:147.60,149.3 1 0
github.com/pingcap/tidb-binlog/cistern/config.go:152.16,154.3 1 0
github.com/pingcap/tidb-binlog/cistern/config.go:155.36,156.57 1 1
github.com/pingcap/tidb-binlog/cistern/config.go:156.57,158.4 1 0
github.com/pingcap/tidb-binlog/cistern/window.go:22.62,24.16 2 1
github.com/pingcap/tidb-binlog/cistern/window.go:28.2,32.8 1 1
github.com/pingcap/tidb-binlog/cistern/window.go:24.16,26.3 1 0
github.com/pingcap/tidb-binlog/cistern/window.go:36.43,38.2 1 1
github.com/pingcap/tidb-binlog/cistern/window.go:41.46,43.2 1 1
github.com/pingcap/tidb-binlog/cistern/window.go:46.43,48.2 1 1
github.com/pingcap/tidb-binlog/cistern/window.go:51.46,53.2 1 1
github.com/pingcap/tidb-binlog/cistern/window.go:56.55,59.16 3 1
github.com/pingcap/tidb-binlog/cistern/window.go:62.2,63.12 2 1
github.com/pingcap/tidb-binlog/cistern/window.go:59.16,61.3 1 0
github.com/pingcap/tidb-binlog/cistern/window.go:67.52,70.16 3 1
github.com/pingcap/tidb-binlog/cistern/window.go:78.2,79.16 2 1
github.com/pingcap/tidb-binlog/cistern/window.go:83.2,84.16 2 1
github.com/pingcap/tidb-binlog/cistern/window.go:88.2,88.15 1 1
github.com/pingcap/tidb-binlog/cistern/window.go:91.2,92.16 2 1
github.com/pingcap/tidb-binlog/cistern/window.go:96.2,96.18 1 1
github.com/pingcap/tidb-binlog/cistern/window.go:70.16,71.29 1 1
github.com/pingcap/tidb-binlog/cistern/window.go:75.3,75.33 1 0
github.com/pingcap/tidb-binlog/cistern/window.go:71.29,73.4 1 1
github.com/pingcap/tidb-binlog/cistern/window.go:79.16,81.3 1 0
github.com/pingcap/tidb-binlog/cistern/window.go:84.16,86.3 1 1
github.com/pingcap/tidb-binlog/cistern/window.go:88.15,90.3 1 1
github.com/pingcap/tidb-binlog/cistern/window.go:92.16,94.3 1 0
github.com/pingcap/tidb-binlog/cistern/version.go:20.25,26.2 5 1
github.com/pingcap/tidb-binlog/cistern/status.go:21.69,23.2 1 0
github.com/pingcap/tidb-binlog/cistern/util.go:15.30,16.15 1 1
github.com/pingcap/tidb-binlog/cistern/util.go:21.2,23.26 2 1
github.com/pingcap/tidb-binlog/cistern/util.go:16.15,18.3 1 0
github.com/pingcap/tidb-binlog/cistern/util.go:18.3,20.3 1 1
github.com/pingcap/tidb-binlog/cistern/util.go:23.26,26.30 2 1
github.com/pingcap/tidb-binlog/cistern/util.go:26.30,28.4 1 0
github.com/pingcap/tidb-binlog/cistern/util.go:28.4,30.4 1 1
github.com/pingcap/tidb-binlog/cistern/util.go:36.45,37.32 1 1
github.com/pingcap/tidb-binlog/cistern/util.go:37.32,39.3 1 1
github.com/pingcap/tidb-binlog/cistern/util.go:39.3,39.39 1 1
github.com/pingcap/tidb-binlog/cistern/util.go:39.39,41.3 1 1
github.com/pingcap/tidb-binlog/cistern/util.go:41.3,41.39 1 1
github.com/pingcap/tidb-binlog/cistern/util.go:41.39,43.3 1 1
github.com/pingcap/tidb-binlog/cistern/util.go:43.3,43.39 1 1
github.com/pingcap/tidb-binlog/cistern/util.go:43.39,45.3 1 1
github.com/pingcap/tidb-binlog/cistern/util.go:45.3,47.3 1 1
github.com/pingcap/tidb-binlog/cistern/util.go:51.54,56.2 3 1
github.com/pingcap/tidb-binlog/cistern/util.go:58.52,60.16 2 1
github.com/pingcap/tidb-binlog/cistern/util.go:63.2,68.18 6 1
github.com/pingcap/tidb-binlog/cistern/util.go:60.16,62.3 1 0
github.com/pingcap/tidb-binlog/cistern/util.go:71.65,78.54 5 1
github.com/pingcap/tidb-binlog/cistern/util.go:81.2,81.43 1 1
github.com/pingcap/tidb-binlog/cistern/util.go:78.54,80.3 1 0
github.com/pingcap/tidb-binlog/cistern/util.go:85.42,88.18 3 1
github.com/pingcap/tidb-binlog/cistern/util.go:91.2,91.38 1 1
github.com/pingcap/tidb-binlog/cistern/util.go:88.18,90.3 1 1
github.com/pingcap/tidb-binlog/cistern/util.go:94.38,96.18 2 1
github.com/pingcap/tidb-binlog/cistern/util.go:118.2,118.12 1 1
github.com/pingcap/tidb-binlog/cistern/util.go:97.2,99.54 2 1
github.com/pingcap/tidb-binlog/cistern/util.go:103.3,103.40 1 1
github.com/pingcap/tidb-binlog/cistern/util.go:104.2,110.53 2 1
github.com/pingcap/tidb-binlog/cistern/util.go:114.3,114.39 1 1
github.com/pingcap/tidb-binlog/cistern/util.go:115.2,116.46 1 1
github.com/pingcap/tidb-binlog/cistern/util.go:99.54,102.4 2 1
github.com/pingcap/tidb-binlog/cistern/util.go:110.53,113.4 2 1
